{
  "RSpec": {
    "coverage": {
      "/home/harmonious-bell-9884/tic-tac-toe-rb-ruby-apply-000/lib/tic_tac_toe.rb": [
        null,
        1,
        null,
        null,
        null,
        null,
        null,
        null,
        null,
        null,
        null,
        1,
        78,
        78,
        78,
        78,
        78,
        null,
        null,
        1,
        83,
        null,
        null,
        1,
        27,
        null,
        null,
        1,
        112,
        31,
        null,
        81,
        null,
        null,
        null,
        1,
        83,
        25,
        null,
        null,
        null,
        1,
        84,
        84,
        80,
        80,
        24,
        24,
        null,
        73,
        null,
        null,
        1,
        26,
        26,
        234,
        45,
        null,
        null,
        26,
        null,
        null,
        1,
        25,
        null,
        null,
        1,
        32,
        256,
        256,
        256,
        256,
        256,
        256,
        256,
        null,
        null,
        null,
        1,
        23,
        null,
        null,
        1,
        8,
        1,
        7,
        0,
        7,
        7,
        null,
        null,
        null,
        1,
        3,
        3,
        null,
        null,
        null,
        1,
        3,
        3,
        null,
        null,
        null,
        1,
        12,
        12,
        60,
        54,
        null,
        null
      ]
    },
    "timestamp": 1601451780
  }
}
